<?xml version="1.0" encoding="UTF-8"?>
<testsuites>
  <testsuite name="/home/morton/apps/dev/ima_stub/phpunit.xml" tests="40" assertions="154" errors="0" failures="0" skipped="0" time="0.470197">
    <testsuite name="LMS" tests="40" assertions="154" errors="0" failures="0" skipped="0" time="0.470197">
      <testsuite name="Tests\Unit\Service\LMS\Configuration\ConfigurationManagerTest" file="/home/morton/apps/dev/ima_stub/tests/Unit/Service/LMS/Configuration/ConfigurationManagerTest.php" tests="8" assertions="17" errors="0" failures="0" skipped="0" time="0.007779">
        <testcase name="testIsIntegrationEnabled" file="/home/morton/apps/dev/ima_stub/tests/Unit/Service/LMS/Configuration/ConfigurationManagerTest.php" line="43" class="Tests\Unit\Service\LMS\Configuration\ConfigurationManagerTest" classname="Tests.Unit.Service.LMS.Configuration.ConfigurationManagerTest" assertions="2" time="0.004503"/>
        <testcase name="testGetEnabledIntegrations" file="/home/morton/apps/dev/ima_stub/tests/Unit/Service/LMS/Configuration/ConfigurationManagerTest.php" line="52" class="Tests\Unit\Service\LMS\Configuration\ConfigurationManagerTest" classname="Tests.Unit.Service.LMS.Configuration.ConfigurationManagerTest" assertions="2" time="0.000895"/>
        <testcase name="testValidateConfiguration" file="/home/morton/apps/dev/ima_stub/tests/Unit/Service/LMS/Configuration/ConfigurationManagerTest.php" line="60" class="Tests\Unit\Service\LMS\Configuration\ConfigurationManagerTest" classname="Tests.Unit.Service.LMS.Configuration.ConfigurationManagerTest" assertions="1" time="0.000244"/>
        <testcase name="testCanBeInstantiated" file="/home/morton/apps/dev/ima_stub/tests/Unit/Service/LMS/Configuration/ConfigurationManagerTest.php" line="18" class="Tests\Unit\Service\LMS\Configuration\ConfigurationManagerTest" classname="Tests.Unit.Service.LMS.Configuration.ConfigurationManagerTest" assertions="1" time="0.000436"/>
        <testcase name="testGetAllConfigurations" file="/home/morton/apps/dev/ima_stub/tests/Unit/Service/LMS/Configuration/ConfigurationManagerTest.php" line="23" class="Tests\Unit\Service\LMS\Configuration\ConfigurationManagerTest" classname="Tests.Unit.Service.LMS.Configuration.ConfigurationManagerTest" assertions="4" time="0.000673"/>
        <testcase name="testGetIntegrationConfig" file="/home/morton/apps/dev/ima_stub/tests/Unit/Service/LMS/Configuration/ConfigurationManagerTest.php" line="33" class="Tests\Unit\Service\LMS\Configuration\ConfigurationManagerTest" classname="Tests.Unit.Service.LMS.Configuration.ConfigurationManagerTest" assertions="4" time="0.000351"/>
        <testcase name="testGetNonExistentIntegrationConfig" file="/home/morton/apps/dev/ima_stub/tests/Unit/Service/LMS/Configuration/ConfigurationManagerTest.php" line="69" class="Tests\Unit\Service\LMS\Configuration\ConfigurationManagerTest" classname="Tests.Unit.Service.LMS.Configuration.ConfigurationManagerTest" assertions="2" time="0.000454"/>
        <testcase name="testIsNonExistentIntegrationEnabled" file="/home/morton/apps/dev/ima_stub/tests/Unit/Service/LMS/Configuration/ConfigurationManagerTest.php" line="77" class="Tests\Unit\Service\LMS\Configuration\ConfigurationManagerTest" classname="Tests.Unit.Service.LMS.Configuration.ConfigurationManagerTest" assertions="1" time="0.000221"/>
      </testsuite>
      <testsuite name="Tests\Unit\Service\LMS\Factory\IntegrationFactoryTest" file="/home/morton/apps/dev/ima_stub/tests/Unit/Service/LMS/Factory/IntegrationFactoryTest.php" tests="13" assertions="68" errors="0" failures="0" skipped="0" time="0.007846">
        <testcase name="testGetSupportedIntegrations" file="/home/morton/apps/dev/ima_stub/tests/Unit/Service/LMS/Factory/IntegrationFactoryTest.php" line="16" class="Tests\Unit\Service\LMS\Factory\IntegrationFactoryTest" classname="Tests.Unit.Service.LMS.Factory.IntegrationFactoryTest" assertions="4" time="0.000725"/>
        <testcase name="testCreateOllamaIntegration" file="/home/morton/apps/dev/ima_stub/tests/Unit/Service/LMS/Factory/IntegrationFactoryTest.php" line="34" class="Tests\Unit\Service\LMS\Factory\IntegrationFactoryTest" classname="Tests.Unit.Service.LMS.Factory.IntegrationFactoryTest" assertions="2" time="0.000726"/>
        <testcase name="testCreateGeminiIntegration" file="/home/morton/apps/dev/ima_stub/tests/Unit/Service/LMS/Factory/IntegrationFactoryTest.php" line="47" class="Tests\Unit\Service\LMS\Factory\IntegrationFactoryTest" classname="Tests.Unit.Service.LMS.Factory.IntegrationFactoryTest" assertions="2" time="0.000506"/>
        <testcase name="testCreateTencentEduIntegration" file="/home/morton/apps/dev/ima_stub/tests/Unit/Service/LMS/Factory/IntegrationFactoryTest.php" line="60" class="Tests\Unit\Service\LMS\Factory\IntegrationFactoryTest" classname="Tests.Unit.Service.LMS.Factory.IntegrationFactoryTest" assertions="2" time="0.000890"/>
        <testcase name="testCreateUnsupportedIntegrationThrowsException" file="/home/morton/apps/dev/ima_stub/tests/Unit/Service/LMS/Factory/IntegrationFactoryTest.php" line="74" class="Tests\Unit\Service\LMS\Factory\IntegrationFactoryTest" classname="Tests.Unit.Service.LMS.Factory.IntegrationFactoryTest" assertions="2" time="0.000643"/>
        <testcase name="testGetIntegrationClass" file="/home/morton/apps/dev/ima_stub/tests/Unit/Service/LMS/Factory/IntegrationFactoryTest.php" line="90" class="Tests\Unit\Service\LMS\Factory\IntegrationFactoryTest" classname="Tests.Unit.Service.LMS.Factory.IntegrationFactoryTest" assertions="4" time="0.000497"/>
        <testcase name="testValidateConfig" file="/home/morton/apps/dev/ima_stub/tests/Unit/Service/LMS/Factory/IntegrationFactoryTest.php" line="139" class="Tests\Unit\Service\LMS\Factory\IntegrationFactoryTest" classname="Tests.Unit.Service.LMS.Factory.IntegrationFactoryTest" assertions="12" time="0.000803"/>
        <testcase name="testRegisterAndUnregisterIntegration" file="/home/morton/apps/dev/ima_stub/tests/Unit/Service/LMS/Factory/IntegrationFactoryTest.php" line="218" class="Tests\Unit\Service\LMS\Factory\IntegrationFactoryTest" classname="Tests.Unit.Service.LMS.Factory.IntegrationFactoryTest" assertions="4" time="0.000301"/>
        <testcase name="testRegisterInvalidClassThrowsException" file="/home/morton/apps/dev/ima_stub/tests/Unit/Service/LMS/Factory/IntegrationFactoryTest.php" line="245" class="Tests\Unit\Service\LMS\Factory\IntegrationFactoryTest" classname="Tests.Unit.Service.LMS.Factory.IntegrationFactoryTest" assertions="2" time="0.000273"/>
        <testcase name="testIsSupported" file="/home/morton/apps/dev/ima_stub/tests/Unit/Service/LMS/Factory/IntegrationFactoryTest.php" line="26" class="Tests\Unit\Service\LMS\Factory\IntegrationFactoryTest" classname="Tests.Unit.Service.LMS.Factory.IntegrationFactoryTest" assertions="4" time="0.000331"/>
        <testcase name="testCreateWithInvalidConfigurationThrowsException" file="/home/morton/apps/dev/ima_stub/tests/Unit/Service/LMS/Factory/IntegrationFactoryTest.php" line="82" class="Tests\Unit\Service\LMS\Factory\IntegrationFactoryTest" classname="Tests.Unit.Service.LMS.Factory.IntegrationFactoryTest" assertions="1" time="0.000509"/>
        <testcase name="testCreateFromConfig" file="/home/morton/apps/dev/ima_stub/tests/Unit/Service/LMS/Factory/IntegrationFactoryTest.php" line="98" class="Tests\Unit\Service\LMS\Factory\IntegrationFactoryTest" classname="Tests.Unit.Service.LMS.Factory.IntegrationFactoryTest" assertions="8" time="0.000548"/>
        <testcase name="testGetIntegrationCapabilities" file="/home/morton/apps/dev/ima_stub/tests/Unit/Service/LMS/Factory/IntegrationFactoryTest.php" line="182" class="Tests\Unit\Service\LMS\Factory\IntegrationFactoryTest" classname="Tests.Unit.Service.LMS.Factory.IntegrationFactoryTest" assertions="21" time="0.001094"/>
      </testsuite>
      <testsuite name="Tests\Unit\Service\LMS\LMSServiceTest" file="/home/morton/apps/dev/ima_stub/tests/Unit/Service/LMS/LMSServiceTest.php" tests="19" assertions="69" errors="0" failures="0" skipped="0" time="0.454573">
        <testcase name="testCanBeInstantiated" file="/home/morton/apps/dev/ima_stub/tests/Unit/Service/LMS/LMSServiceTest.php" line="21" class="Tests\Unit\Service\LMS\LMSServiceTest" classname="Tests.Unit.Service.LMS.LMSServiceTest" assertions="1" time="0.015830"/>
        <testcase name="testGetConfigurationManager" file="/home/morton/apps/dev/ima_stub/tests/Unit/Service/LMS/LMSServiceTest.php" line="35" class="Tests\Unit\Service\LMS\LMSServiceTest" classname="Tests.Unit.Service.LMS.LMSServiceTest" assertions="1" time="0.017534"/>
        <testcase name="testGetIntegrationRegistry" file="/home/morton/apps/dev/ima_stub/tests/Unit/Service/LMS/LMSServiceTest.php" line="42" class="Tests\Unit\Service\LMS\LMSServiceTest" classname="Tests.Unit.Service.LMS.LMSServiceTest" assertions="1" time="0.017251"/>
        <testcase name="testGetAvailableIntegrations" file="/home/morton/apps/dev/ima_stub/tests/Unit/Service/LMS/LMSServiceTest.php" line="49" class="Tests\Unit\Service\LMS\LMSServiceTest" classname="Tests.Unit.Service.LMS.LMSServiceTest" assertions="2" time="0.016339"/>
        <testcase name="testIsIntegrationAvailable" file="/home/morton/apps/dev/ima_stub/tests/Unit/Service/LMS/LMSServiceTest.php" line="58" class="Tests\Unit\Service\LMS\LMSServiceTest" classname="Tests.Unit.Service.LMS.LMSServiceTest" assertions="2" time="0.022916"/>
        <testcase name="testGenerateContentWithInvalidIntegration" file="/home/morton/apps/dev/ima_stub/tests/Unit/Service/LMS/LMSServiceTest.php" line="99" class="Tests\Unit\Service\LMS\LMSServiceTest" classname="Tests.Unit.Service.LMS.LMSServiceTest" assertions="8" time="0.017529"/>
        <testcase name="testCreateCourseWithInvalidIntegration" file="/home/morton/apps/dev/ima_stub/tests/Unit/Service/LMS/LMSServiceTest.php" line="133" class="Tests\Unit\Service\LMS\LMSServiceTest" classname="Tests.Unit.Service.LMS.LMSServiceTest" assertions="7" time="0.017841"/>
        <testcase name="testAnalyzeTextWithInvalidIntegration" file="/home/morton/apps/dev/ima_stub/tests/Unit/Service/LMS/LMSServiceTest.php" line="165" class="Tests\Unit\Service\LMS\LMSServiceTest" classname="Tests.Unit.Service.LMS.LMSServiceTest" assertions="7" time="0.017549"/>
        <testcase name="testGetBestIntegrationFor" file="/home/morton/apps/dev/ima_stub/tests/Unit/Service/LMS/LMSServiceTest.php" line="199" class="Tests\Unit\Service\LMS\LMSServiceTest" classname="Tests.Unit.Service.LMS.LMSServiceTest" assertions="1" time="0.020618"/>
        <testcase name="testGetIntegrationCapabilities" file="/home/morton/apps/dev/ima_stub/tests/Unit/Service/LMS/LMSServiceTest.php" line="209" class="Tests\Unit\Service\LMS\LMSServiceTest" classname="Tests.Unit.Service.LMS.LMSServiceTest" assertions="4" time="0.017112"/>
        <testcase name="testGetStatistics" file="/home/morton/apps/dev/ima_stub/tests/Unit/Service/LMS/LMSServiceTest.php" line="219" class="Tests\Unit\Service\LMS\LMSServiceTest" classname="Tests.Unit.Service.LMS.LMSServiceTest" assertions="9" time="0.017399"/>
        <testcase name="testGetIntegrationStatus" file="/home/morton/apps/dev/ima_stub/tests/Unit/Service/LMS/LMSServiceTest.php" line="67" class="Tests\Unit\Service\LMS\LMSServiceTest" classname="Tests.Unit.Service.LMS.LMSServiceTest" assertions="5" time="0.017071"/>
        <testcase name="testGenerateContentWithFallback" file="/home/morton/apps/dev/ima_stub/tests/Unit/Service/LMS/LMSServiceTest.php" line="181" class="Tests\Unit\Service\LMS\LMSServiceTest" classname="Tests.Unit.Service.LMS.LMSServiceTest" assertions="2" time="0.034894"/>
        <testcase name="testInitialize" file="/home/morton/apps/dev/ima_stub/tests/Unit/Service/LMS/LMSServiceTest.php" line="26" class="Tests\Unit\Service\LMS\LMSServiceTest" classname="Tests.Unit.Service.LMS.LMSServiceTest" assertions="1" time="0.038814"/>
        <testcase name="testMultipleInitializationCallsAreSafe" file="/home/morton/apps/dev/ima_stub/tests/Unit/Service/LMS/LMSServiceTest.php" line="245" class="Tests\Unit\Service\LMS\LMSServiceTest" classname="Tests.Unit.Service.LMS.LMSServiceTest" assertions="2" time="0.035284"/>
        <testcase name="testGenerateContentWithValidIntegration" file="/home/morton/apps/dev/ima_stub/tests/Unit/Service/LMS/LMSServiceTest.php" line="81" class="Tests\Unit\Service\LMS\LMSServiceTest" classname="Tests.Unit.Service.LMS.LMSServiceTest" assertions="5" time="0.033989"/>
        <testcase name="testCreateCourseWithValidIntegration" file="/home/morton/apps/dev/ima_stub/tests/Unit/Service/LMS/LMSServiceTest.php" line="116" class="Tests\Unit\Service\LMS\LMSServiceTest" classname="Tests.Unit.Service.LMS.LMSServiceTest" assertions="5" time="0.033897"/>
        <testcase name="testRefreshHealthStatus" file="/home/morton/apps/dev/ima_stub/tests/Unit/Service/LMS/LMSServiceTest.php" line="235" class="Tests\Unit\Service\LMS\LMSServiceTest" classname="Tests.Unit.Service.LMS.LMSServiceTest" assertions="1" time="0.029275"/>
        <testcase name="testAnalyzeTextWithValidIntegration" file="/home/morton/apps/dev/ima_stub/tests/Unit/Service/LMS/LMSServiceTest.php" line="150" class="Tests\Unit\Service\LMS\LMSServiceTest" classname="Tests.Unit.Service.LMS.LMSServiceTest" assertions="5" time="0.033430"/>
      </testsuite>
    </testsuite>
  </testsuite>
</testsuites>
